#----------------------------------
#
#Mon Oct 26 15:27:28 2020

#----------------------------------
#
#Using 2 Gaussians and w = 0.000000

#
#Initial model parameters used:

#Gaussian 0
#amp	=	0.500000
#mean	=	0.864479	0.322681
#covar	=	0.038210	0.031738	0.041081	
#
#Gaussian 1
#amp	=	0.500000
#mean	=	0.670789	0.450874
#covar	=	0.062192	0.067780	0.043025	
#
#Initial proj_EM
-7.285241
-1.415345
-1.324615
-1.321458
-1.319957
-1.318919
-1.318163
-1.317591
-1.317145
-1.316788
-1.316496
-1.316254
-1.316050
-1.315875
-1.315724
-1.315593
-1.315477
-1.315375
-1.315284
-1.315202
-1.315128
-1.315061
-1.315001
-1.314945
-1.314894
-1.314848
-1.314805
-1.314765
-1.314728
-1.314694
-1.314663
-1.314633
-1.314605
-1.314579
-1.314555
-1.314532
-1.314510
-1.314490
-1.314471
-1.314453
-1.314435
-1.314419
-1.314403
-1.314388
-1.314374
-1.314361
-1.314348
-1.314335
-1.314324
-1.314312
-1.314301
-1.314291
-1.314280
-1.314271
-1.314261
-1.314252
-1.314243
-1.314234
-1.314226
-1.314218
-1.314210
-1.314202
-1.314194
-1.314187
-1.314179
-1.314172
-1.314165
-1.314158
-1.314151
-1.314144
-1.314137
-1.314131
-1.314124
-1.314117
-1.314111
-1.314104
-1.314097
-1.314090
-1.314083
-1.314076
-1.314069
-1.314062
-1.314054
-1.314047
-1.314039
-1.314031
-1.314022
-1.314013
-1.314004
-1.313994
-1.313983
-1.313972
-1.313960
-1.313947
-1.313934
-1.313919
-1.313903
-1.313885
-1.313867
-1.313846
-1.313823
-1.313798
-1.313771
-1.313742
-1.313710
-1.313675
-1.313637
-1.313597
-1.313554
-1.313510
-1.313463
-1.313416
-1.313368
-1.313320
-1.313273
-1.313227
-1.313182
-1.313139
-1.313098
-1.313057
-1.313017
-1.312978
-1.312939
-1.312901
-1.312862
-1.312823
-1.312783
-1.312743
-1.312703
-1.312663
-1.312622
-1.312581
-1.312540
-1.312499
-1.312458
-1.312418
-1.312377
-1.312337
-1.312298
-1.312260
-1.312222
-1.312185
-1.312149
-1.312114
-1.312080
-1.312048
-1.312016
-1.311986
-1.311957
-1.311930
-1.311904
-1.311879
-1.311856
-1.311834
-1.311813
-1.311794
-1.311776
-1.311759
-1.311743
-1.311728
-1.311714
-1.311701
-1.311689
-1.311678
-1.311668
-1.311658
-1.311649
-1.311641
-1.311633
-1.311626
-1.311619
-1.311613
-1.311607
-1.311602
-1.311597
-1.311592
-1.311587
-1.311583
-1.311579
-1.311575
-1.311571
-1.311568
-1.311565
-1.311561
-1.311558
-1.311556
-1.311553
-1.311550
-1.311548
-1.311545
-1.311543
-1.311540
-1.311538
-1.311536
-1.311534
-1.311532
-1.311530
-1.311528
-1.311526
-1.311524
-1.311522
-1.311520
-1.311518
-1.311517
-1.311515
-1.311513
-1.311512
-1.311510
-1.311509
-1.311507
-1.311505
-1.311504
-1.311503
-1.311501
-1.311500
-1.311498
-1.311497
-1.311496
-1.311494
-1.311493
-1.311492
-1.311491
-1.311489
-1.311488
-1.311487
-1.311486
-1.311485
-1.311484
-1.311483
-1.311482

Partition coefficient 	=	0.830590
AIC 			=	273.181555
MDL 			=	283.489643

#Final model parameters obtained:

#Gaussian 0
#amp	=	0.119684
#mean	=	2.303682	1.707015
#covar	=	0.445646	0.456873	0.456674	
#
#Gaussian 1
#amp	=	0.880316
#mean	=	1.080094	0.888867
#covar	=	0.579564	0.862537	0.627398	
#
#----------------------------------
#
#Mon Oct 26 15:41:07 2020

#----------------------------------
#
#Using 2 Gaussians and w = 0.000000

#
#Initial model parameters used:

#Gaussian 0
#amp	=	0.500000
#mean	=	0.864479	0.322681
#covar	=	0.038210	0.031738	0.041081	
#
#Gaussian 1
#amp	=	0.500000
#mean	=	0.670789	0.450874
#covar	=	0.062192	0.067780	0.043025	
#
#Initial proj_EM
-7.285241
-1.415345
-1.324615
-1.321458
-1.319957
-1.318919
-1.318163
-1.317591
-1.317145
-1.316788
-1.316496
-1.316254
-1.316050
-1.315875
-1.315724
-1.315593
-1.315477
-1.315375
-1.315284
-1.315202
-1.315128
-1.315061
-1.315001
-1.314945
-1.314894
-1.314848
-1.314805
-1.314765
-1.314728
-1.314694
-1.314663
-1.314633
-1.314605
-1.314579
-1.314555
-1.314532
-1.314510
-1.314490
-1.314471
-1.314453
-1.314435
-1.314419
-1.314403
-1.314388
-1.314374
-1.314361
-1.314348
-1.314335
-1.314324
-1.314312
-1.314301
-1.314291
-1.314280
-1.314271
-1.314261
-1.314252
-1.314243
-1.314234
-1.314226
-1.314218
-1.314210
-1.314202
-1.314194
-1.314187
-1.314179
-1.314172
-1.314165
-1.314158
-1.314151
-1.314144
-1.314137
-1.314131
-1.314124
-1.314117
-1.314111
-1.314104
-1.314097
-1.314090
-1.314083
-1.314076
-1.314069
-1.314062
-1.314054
-1.314047
-1.314039
-1.314031
-1.314022
-1.314013
-1.314004
-1.313994
-1.313983
-1.313972
-1.313960
-1.313947
-1.313934
-1.313919
-1.313903
-1.313885
-1.313867
-1.313846
-1.313823
-1.313798
-1.313771
-1.313742
-1.313710
-1.313675
-1.313637
-1.313597
-1.313554
-1.313510
-1.313463
-1.313416
-1.313368
-1.313320
-1.313273
-1.313227
-1.313182
-1.313139
-1.313098
-1.313057
-1.313017
-1.312978
-1.312939
-1.312901
-1.312862
-1.312823
-1.312783
-1.312743
-1.312703
-1.312663
-1.312622
-1.312581
-1.312540
-1.312499
-1.312458
-1.312418
-1.312377
-1.312337
-1.312298
-1.312260
-1.312222
-1.312185
-1.312149
-1.312114
-1.312080
-1.312048
-1.312016
-1.311986
-1.311957
-1.311930
-1.311904
-1.311879
-1.311856
-1.311834
-1.311813
-1.311794
-1.311776
-1.311759
-1.311743
-1.311728
-1.311714
-1.311701
-1.311689
-1.311678
-1.311668
-1.311658
-1.311649
-1.311641
-1.311633
-1.311626
-1.311619
-1.311613
-1.311607
-1.311602
-1.311597
-1.311592
-1.311587
-1.311583
-1.311579
-1.311575
-1.311571
-1.311568
-1.311565
-1.311561
-1.311558
-1.311556
-1.311553
-1.311550
-1.311548
-1.311545
-1.311543
-1.311540
-1.311538
-1.311536
-1.311534
-1.311532
-1.311530
-1.311528
-1.311526
-1.311524
-1.311522
-1.311520
-1.311518
-1.311517
-1.311515
-1.311513
-1.311512
-1.311510
-1.311509
-1.311507
-1.311505
-1.311504
-1.311503
-1.311501
-1.311500
-1.311498
-1.311497
-1.311496
-1.311494
-1.311493
-1.311492
-1.311491
-1.311489
-1.311488
-1.311487
-1.311486
-1.311485
-1.311484
-1.311483
-1.311482

Partition coefficient 	=	0.830590
AIC 			=	273.181555
MDL 			=	283.489643

#Final model parameters obtained:

#Gaussian 0
#amp	=	0.119684
#mean	=	2.303682	1.707015
#covar	=	0.445646	0.456873	0.456674	
#
#Gaussian 1
#amp	=	0.880316
#mean	=	1.080094	0.888867
#covar	=	0.579564	0.862537	0.627398	
#
#----------------------------------
#
#Mon Oct 26 15:49:51 2020

#----------------------------------
#
#Using 2 Gaussians and w = 0.000000

#
#Initial model parameters used:

#Gaussian 0
#amp	=	0.500000
#mean	=	0.864479	0.322681
#covar	=	0.038210	0.031738	0.041081	
#
#Gaussian 1
#amp	=	0.500000
#mean	=	0.670789	0.450874
#covar	=	0.062192	0.067780	0.043025	
#
#Initial proj_EM
-7.285241
-1.415345
-1.324615
-1.321458
-1.319957
-1.318919
-1.318163
-1.317591
-1.317145
-1.316788
-1.316496
-1.316254
-1.316050
-1.315875
-1.315724
-1.315593
-1.315477
-1.315375
-1.315284
-1.315202
-1.315128
-1.315061
-1.315001
-1.314945
-1.314894
-1.314848
-1.314805
-1.314765
-1.314728
-1.314694
-1.314663
-1.314633
-1.314605
-1.314579
-1.314555
-1.314532
-1.314510
-1.314490
-1.314471
-1.314453
-1.314435
-1.314419
-1.314403
-1.314388
-1.314374
-1.314361
-1.314348
-1.314335
-1.314324
-1.314312
-1.314301
-1.314291
-1.314280
-1.314271
-1.314261
-1.314252
-1.314243
-1.314234
-1.314226
-1.314218
-1.314210
-1.314202
-1.314194
-1.314187
-1.314179
-1.314172
-1.314165
-1.314158
-1.314151
-1.314144
-1.314137
-1.314131
-1.314124
-1.314117
-1.314111
-1.314104
-1.314097
-1.314090
-1.314083
-1.314076
-1.314069
-1.314062
-1.314054
-1.314047
-1.314039
-1.314031
-1.314022
-1.314013
-1.314004
-1.313994
-1.313983
-1.313972
-1.313960
-1.313947
-1.313934
-1.313919
-1.313903
-1.313885
-1.313867
-1.313846
-1.313823
-1.313798
-1.313771
-1.313742
-1.313710
-1.313675
-1.313637
-1.313597
-1.313554
-1.313510
-1.313463
-1.313416
-1.313368
-1.313320
-1.313273
-1.313227
-1.313182
-1.313139
-1.313098
-1.313057
-1.313017
-1.312978
-1.312939
-1.312901
-1.312862
-1.312823
-1.312783
-1.312743
-1.312703
-1.312663
-1.312622
-1.312581
-1.312540
-1.312499
-1.312458
-1.312418
-1.312377
-1.312337
-1.312298
-1.312260
-1.312222
-1.312185
-1.312149
-1.312114
-1.312080
-1.312048
-1.312016
-1.311986
-1.311957
-1.311930
-1.311904
-1.311879
-1.311856
-1.311834
-1.311813
-1.311794
-1.311776
-1.311759
-1.311743
-1.311728
-1.311714
-1.311701
-1.311689
-1.311678
-1.311668
-1.311658
-1.311649
-1.311641
-1.311633
-1.311626
-1.311619
-1.311613
-1.311607
-1.311602
-1.311597
-1.311592
-1.311587
-1.311583
-1.311579
-1.311575
-1.311571
-1.311568
-1.311565
-1.311561
-1.311558
-1.311556
-1.311553
-1.311550
-1.311548
-1.311545
-1.311543
-1.311540
-1.311538
-1.311536
-1.311534
-1.311532
-1.311530
-1.311528
-1.311526
-1.311524
-1.311522
-1.311520
-1.311518
-1.311517
-1.311515
-1.311513
-1.311512
-1.311510
-1.311509
-1.311507
-1.311505
-1.311504
-1.311503
-1.311501
-1.311500
-1.311498
-1.311497
-1.311496
-1.311494
-1.311493
-1.311492
-1.311491
-1.311489
-1.311488
-1.311487
-1.311486
-1.311485
-1.311484
-1.311483
-1.311482

Partition coefficient 	=	0.830590
AIC 			=	273.181555
MDL 			=	283.489643

#Final model parameters obtained:

#Gaussian 0
#amp	=	0.119684
#mean	=	2.303682	1.707015
#covar	=	0.445646	0.456873	0.456674	
#
#Gaussian 1
#amp	=	0.880316
#mean	=	1.080094	0.888867
#covar	=	0.579564	0.862537	0.627398	
#
